{"/home/kiran/Code/node/src/app.ts": {"path":"/home/kiran/Code/node/src/app.ts","statementMap":{"0":{"start":{"line":1,"column":0},"end":{"line":1,"column":67}},"1":{"start":{"line":2,"column":0},"end":{"line":2,"column":62}},"2":{"start":{"line":3,"column":0},"end":{"line":3,"column":26}},"3":{"start":{"line":4,"column":0},"end":{"line":4,"column":42}},"4":{"start":{"line":5,"column":0},"end":{"line":5,"column":52}},"5":{"start":{"line":7,"column":0},"end":{"line":7,"column":60}},"6":{"start":{"line":9,"column":15},"end":{"line":9,"column":24}},"7":{"start":{"line":11,"column":0},"end":{"line":11,"column":27}},"8":{"start":{"line":12,"column":0},"end":{"line":12,"column":29}},"9":{"start":{"line":13,"column":0},"end":{"line":13,"column":40}},"10":{"start":{"line":15,"column":0},"end":{"line":18,"column":3}},"11":{"start":{"line":16,"column":2},"end":{"line":16,"column":23}},"12":{"start":{"line":17,"column":2},"end":{"line":17,"column":46}},"13":{"start":{"line":20,"column":0},"end":{"line":20,"column":28}},"14":{"start":{"line":22,"column":0},"end":{"line":27,"column":5}},"15":{"start":{"line":22,"column":12},"end":{"line":27,"column":2}},"16":{"start":{"line":23,"column":2},"end":{"line":23,"column":32}},"17":{"start":{"line":24,"column":2},"end":{"line":26,"column":5}},"18":{"start":{"line":25,"column":4},"end":{"line":25,"column":55}}},"fnMap":{"0":{"name":"(anonymous_8)","decl":{"start":{"line":15,"column":16},"end":{"line":15,"column":17}},"loc":{"start":{"line":15,"column":29},"end":{"line":18,"column":1}}},"1":{"name":"(anonymous_9)","decl":{"start":{"line":22,"column":1},"end":{"line":22,"column":10}},"loc":{"start":{"line":22,"column":12},"end":{"line":27,"column":2}}},"2":{"name":"(anonymous_10)","decl":{"start":{"line":22,"column":12},"end":{"line":22,"column":null}},"loc":{"start":{"line":22,"column":12},"end":{"line":27,"column":1}}},"3":{"name":"(anonymous_11)","decl":{"start":{"line":24,"column":22},"end":{"line":24,"column":25}},"loc":{"start":{"line":24,"column":27},"end":{"line":26,"column":3}}}},"branchMap":{},"s":{"0":0,"1":0,"2":0,"3":0,"4":0,"5":0,"6":0,"7":0,"8":0,"9":0,"10":0,"11":0,"12":0,"13":0,"14":0,"15":0,"16":0,"17":0,"18":0},"f":{"0":0,"1":0,"2":0,"3":0},"b":{}}
,"/home/kiran/Code/node/src/controller/employee.controller.ts": {"path":"/home/kiran/Code/node/src/controller/employee.controller.ts","statementMap":{"0":{"start":{"line":1,"column":0},"end":{"line":1,"column":48}},"1":{"start":{"line":3,"column":0},"end":{"line":3,"column":52}},"2":{"start":{"line":4,"column":0},"end":{"line":4,"column":62}},"3":{"start":{"line":5,"column":0},"end":{"line":5,"column":43}},"4":{"start":{"line":7,"column":0},"end":{"line":7,"column":68}},"5":{"start":{"line":8,"column":0},"end":{"line":8,"column":65}},"6":{"start":{"line":9,"column":0},"end":{"line":9,"column":59}},"7":{"start":{"line":16,"column":22},"end":{"line":16,"column":54}},"8":{"start":{"line":29,"column":2},"end":{"line":32,"column":4}},"9":{"start":{"line":29,"column":74},"end":{"line":32,"column":4}},"10":{"start":{"line":30,"column":22},"end":{"line":30,"column":66}},"11":{"start":{"line":31,"column":4},"end":{"line":31,"column":36}},"12":{"start":{"line":36,"column":2},"end":{"line":49,"column":4}},"13":{"start":{"line":40,"column":6},"end":{"line":49,"column":4}},"14":{"start":{"line":41,"column":4},"end":{"line":48,"column":null}},"15":{"start":{"line":42,"column":23},"end":{"line":43,"column":null}},"16":{"start":{"line":45,"column":6},"end":{"line":45,"column":37}},"17":{"start":{"line":47,"column":6},"end":{"line":47,"column":18}},"18":{"start":{"line":52,"column":2},"end":{"line":80,"column":4}},"19":{"start":{"line":56,"column":6},"end":{"line":80,"column":4}},"20":{"start":{"line":57,"column":4},"end":{"line":79,"column":null}},"21":{"start":{"line":59,"column":35},"end":{"line":61,"column":null}},"22":{"start":{"line":64,"column":21},"end":{"line":64,"column":57}},"23":{"start":{"line":65,"column":6},"end":{"line":68,"column":null}},"24":{"start":{"line":66,"column":8},"end":{"line":66,"column":44}},"25":{"start":{"line":67,"column":8},"end":{"line":67,"column":72}},"26":{"start":{"line":69,"column":28},"end":{"line":74,"column":null}},"27":{"start":{"line":76,"column":6},"end":{"line":76,"column":42}},"28":{"start":{"line":78,"column":6},"end":{"line":78,"column":18}},"29":{"start":{"line":82,"column":2},"end":{"line":110,"column":4}},"30":{"start":{"line":86,"column":6},"end":{"line":110,"column":4}},"31":{"start":{"line":87,"column":4},"end":{"line":109,"column":null}},"32":{"start":{"line":89,"column":35},"end":{"line":91,"column":null}},"33":{"start":{"line":93,"column":21},"end":{"line":93,"column":57}},"34":{"start":{"line":94,"column":6},"end":{"line":97,"column":null}},"35":{"start":{"line":95,"column":8},"end":{"line":95,"column":44}},"36":{"start":{"line":96,"column":8},"end":{"line":96,"column":72}},"37":{"start":{"line":98,"column":30},"end":{"line":104,"column":null}},"38":{"start":{"line":106,"column":6},"end":{"line":106,"column":44}},"39":{"start":{"line":108,"column":6},"end":{"line":108,"column":16}},"40":{"start":{"line":113,"column":2},"end":{"line":126,"column":4}},"41":{"start":{"line":117,"column":6},"end":{"line":126,"column":4}},"42":{"start":{"line":118,"column":4},"end":{"line":125,"column":null}},"43":{"start":{"line":119,"column":30},"end":{"line":120,"column":null}},"44":{"start":{"line":122,"column":6},"end":{"line":122,"column":44}},"45":{"start":{"line":124,"column":6},"end":{"line":124,"column":16}},"46":{"start":{"line":128,"column":2},"end":{"line":140,"column":4}},"47":{"start":{"line":132,"column":6},"end":{"line":140,"column":4}},"48":{"start":{"line":133,"column":32},"end":{"line":133,"column":40}},"49":{"start":{"line":134,"column":4},"end":{"line":139,"column":null}},"50":{"start":{"line":135,"column":20},"end":{"line":135,"column":77}},"51":{"start":{"line":136,"column":6},"end":{"line":136,"column":55}},"52":{"start":{"line":138,"column":6},"end":{"line":138,"column":16}},"53":{"start":{"line":18,"column":4},"end":{"line":18,"column":35}},"54":{"start":{"line":19,"column":4},"end":{"line":19,"column":61}},"55":{"start":{"line":20,"column":4},"end":{"line":20,"column":64}},"56":{"start":{"line":21,"column":4},"end":{"line":21,"column":75}},"57":{"start":{"line":22,"column":4},"end":{"line":22,"column":63}},"58":{"start":{"line":23,"column":4},"end":{"line":23,"column":66}},"59":{"start":{"line":24,"column":4},"end":{"line":24,"column":51}},"60":{"start":{"line":143,"column":0},"end":{"line":143,"column":34}}},"fnMap":{"0":{"name":"(anonymous_8)","decl":{"start":{"line":16,"column":2},"end":{"line":16,"column":22}},"loc":{"start":{"line":16,"column":54},"end":{"line":25,"column":3}}},"1":{"name":"(anonymous_9)","decl":{"start":{"line":29,"column":20},"end":{"line":29,"column":27}},"loc":{"start":{"line":29,"column":74},"end":{"line":32,"column":4}}},"2":{"name":"(anonymous_10)","decl":{"start":{"line":29,"column":74},"end":{"line":29,"column":null}},"loc":{"start":{"line":29,"column":74},"end":{"line":32,"column":3}}},"3":{"name":"(anonymous_11)","decl":{"start":{"line":36,"column":20},"end":{"line":36,"column":null}},"loc":{"start":{"line":40,"column":6},"end":{"line":49,"column":4}}},"4":{"name":"(anonymous_12)","decl":{"start":{"line":40,"column":6},"end":{"line":40,"column":null}},"loc":{"start":{"line":40,"column":6},"end":{"line":49,"column":3}}},"5":{"name":"(anonymous_13)","decl":{"start":{"line":52,"column":22},"end":{"line":52,"column":null}},"loc":{"start":{"line":56,"column":6},"end":{"line":80,"column":4}}},"6":{"name":"(anonymous_14)","decl":{"start":{"line":56,"column":6},"end":{"line":56,"column":null}},"loc":{"start":{"line":56,"column":6},"end":{"line":80,"column":3}}},"7":{"name":"(anonymous_15)","decl":{"start":{"line":82,"column":19},"end":{"line":82,"column":null}},"loc":{"start":{"line":86,"column":6},"end":{"line":110,"column":4}}},"8":{"name":"(anonymous_16)","decl":{"start":{"line":86,"column":6},"end":{"line":86,"column":null}},"loc":{"start":{"line":86,"column":6},"end":{"line":110,"column":3}}},"9":{"name":"(anonymous_17)","decl":{"start":{"line":113,"column":19},"end":{"line":113,"column":null}},"loc":{"start":{"line":117,"column":6},"end":{"line":126,"column":4}}},"10":{"name":"(anonymous_18)","decl":{"start":{"line":117,"column":6},"end":{"line":117,"column":null}},"loc":{"start":{"line":117,"column":6},"end":{"line":126,"column":3}}},"11":{"name":"(anonymous_19)","decl":{"start":{"line":128,"column":18},"end":{"line":128,"column":null}},"loc":{"start":{"line":132,"column":6},"end":{"line":140,"column":4}}},"12":{"name":"(anonymous_20)","decl":{"start":{"line":132,"column":6},"end":{"line":132,"column":null}},"loc":{"start":{"line":132,"column":6},"end":{"line":140,"column":3}}}},"branchMap":{"0":{"loc":{"start":{"line":65,"column":6},"end":{"line":68,"column":null}},"type":"if","locations":[{"start":{"line":65,"column":6},"end":{"line":68,"column":null}}]},"1":{"loc":{"start":{"line":94,"column":6},"end":{"line":97,"column":null}},"type":"if","locations":[{"start":{"line":94,"column":6},"end":{"line":97,"column":null}}]}},"s":{"0":0,"1":0,"2":0,"3":0,"4":0,"5":0,"6":0,"7":0,"8":0,"9":0,"10":0,"11":0,"12":0,"13":0,"14":0,"15":0,"16":0,"17":0,"18":0,"19":0,"20":0,"21":0,"22":0,"23":0,"24":0,"25":0,"26":0,"27":0,"28":0,"29":0,"30":0,"31":0,"32":0,"33":0,"34":0,"35":0,"36":0,"37":0,"38":0,"39":0,"40":0,"41":0,"42":0,"43":0,"44":0,"45":0,"46":0,"47":0,"48":0,"49":0,"50":0,"51":0,"52":0,"53":0,"54":0,"55":0,"56":0,"57":0,"58":0,"59":0,"60":0},"f":{"0":0,"1":0,"2":0,"3":0,"4":0,"5":0,"6":0,"7":0,"8":0,"9":0,"10":0,"11":0,"12":0},"b":{"0":[0],"1":[0]}}
,"/home/kiran/Code/node/src/db/postgres.db.ts": {"path":"/home/kiran/Code/node/src/db/postgres.db.ts","statementMap":{"0":{"start":{"line":1,"column":0},"end":{"line":1,"column":37}},"1":{"start":{"line":3,"column":0},"end":{"line":3,"column":64}},"2":{"start":{"line":6,"column":19},"end":{"line":18,"column":2}},"3":{"start":{"line":20,"column":0},"end":{"line":20,"column":26}}},"fnMap":{},"branchMap":{},"s":{"0":0,"1":0,"2":0,"3":0},"f":{},"b":{}}
,"/home/kiran/Code/node/src/db/migrations/1691059391613-please.ts": {"path":"/home/kiran/Code/node/src/db/migrations/1691059391613-please.ts","statementMap":{"0":{"start":{"line":4,"column":4},"end":{"line":4,"column":null}},"1":{"start":{"line":7,"column":8},"end":{"line":7,"column":461}},"2":{"start":{"line":8,"column":8},"end":{"line":8,"column":333}},"3":{"start":{"line":9,"column":8},"end":{"line":9,"column":202}},"4":{"start":{"line":13,"column":8},"end":{"line":13,"column":106}},"5":{"start":{"line":14,"column":8},"end":{"line":14,"column":58}},"6":{"start":{"line":15,"column":8},"end":{"line":15,"column":56}},"7":{"start":{"line":3,"column":0},"end":{"line":3,"column":13}}},"fnMap":{"0":{"name":"(anonymous_7)","decl":{"start":{"line":3,"column":0},"end":{"line":3,"column":13}},"loc":{"start":{"line":3,"column":0},"end":{"line":18,"column":1}}},"1":{"name":"(anonymous_8)","decl":{"start":{"line":6,"column":17},"end":{"line":6,"column":19}},"loc":{"start":{"line":6,"column":44},"end":{"line":10,"column":null}}},"2":{"name":"(anonymous_10)","decl":{"start":{"line":12,"column":17},"end":{"line":12,"column":21}},"loc":{"start":{"line":12,"column":46},"end":{"line":16,"column":null}}}},"branchMap":{},"s":{"0":0,"1":0,"2":0,"3":0,"4":0,"5":0,"6":0,"7":0},"f":{"0":0,"1":0,"2":0},"b":{}}
,"/home/kiran/Code/node/src/db/migrations/1691125694156-passfield.ts": {"path":"/home/kiran/Code/node/src/db/migrations/1691125694156-passfield.ts","statementMap":{"0":{"start":{"line":4,"column":4},"end":{"line":4,"column":null}},"1":{"start":{"line":7,"column":8},"end":{"line":7,"column":101}},"2":{"start":{"line":11,"column":8},"end":{"line":11,"column":82}},"3":{"start":{"line":3,"column":0},"end":{"line":3,"column":13}}},"fnMap":{"0":{"name":"(anonymous_7)","decl":{"start":{"line":3,"column":0},"end":{"line":3,"column":13}},"loc":{"start":{"line":3,"column":0},"end":{"line":14,"column":1}}},"1":{"name":"(anonymous_8)","decl":{"start":{"line":6,"column":17},"end":{"line":6,"column":19}},"loc":{"start":{"line":6,"column":44},"end":{"line":8,"column":null}}},"2":{"name":"(anonymous_10)","decl":{"start":{"line":10,"column":17},"end":{"line":10,"column":21}},"loc":{"start":{"line":10,"column":46},"end":{"line":12,"column":null}}}},"branchMap":{},"s":{"0":0,"1":0,"2":0,"3":0},"f":{"0":0,"1":0,"2":0},"b":{}}
,"/home/kiran/Code/node/src/db/migrations/1691138037234-passfield.ts": {"path":"/home/kiran/Code/node/src/db/migrations/1691138037234-passfield.ts","statementMap":{"0":{"start":{"line":4,"column":4},"end":{"line":4,"column":null}},"1":{"start":{"line":7,"column":8},"end":{"line":7,"column":117}},"2":{"start":{"line":11,"column":8},"end":{"line":11,"column":78}},"3":{"start":{"line":3,"column":0},"end":{"line":3,"column":13}}},"fnMap":{"0":{"name":"(anonymous_7)","decl":{"start":{"line":3,"column":0},"end":{"line":3,"column":13}},"loc":{"start":{"line":3,"column":0},"end":{"line":14,"column":1}}},"1":{"name":"(anonymous_8)","decl":{"start":{"line":6,"column":17},"end":{"line":6,"column":19}},"loc":{"start":{"line":6,"column":44},"end":{"line":8,"column":null}}},"2":{"name":"(anonymous_10)","decl":{"start":{"line":10,"column":17},"end":{"line":10,"column":21}},"loc":{"start":{"line":10,"column":46},"end":{"line":12,"column":null}}}},"branchMap":{},"s":{"0":0,"1":0,"2":0,"3":0},"f":{"0":0,"1":0,"2":0},"b":{}}
,"/home/kiran/Code/node/src/dto/create-address.dto.ts": {"path":"/home/kiran/Code/node/src/dto/create-address.dto.ts","statementMap":{"0":{"start":{"line":1,"column":0},"end":{"line":1,"column":77}},"1":{"start":{"line":4,"column":0},"end":{"line":4,"column":13}},"2":{"start":{"line":9,"column":4},"end":{"line":9,"column":null}},"3":{"start":{"line":13,"column":4},"end":{"line":13,"column":null}},"4":{"start":{"line":17,"column":4},"end":{"line":17,"column":null}}},"fnMap":{},"branchMap":{},"s":{"0":0,"1":0,"2":0,"3":0,"4":0},"f":{},"b":{}}
,"/home/kiran/Code/node/src/dto/create-employee.dto.ts": {"path":"/home/kiran/Code/node/src/dto/create-employee.dto.ts","statementMap":{"0":{"start":{"line":1,"column":0},"end":{"line":1,"column":91}},"1":{"start":{"line":2,"column":0},"end":{"line":2,"column":51}},"2":{"start":{"line":3,"column":0},"end":{"line":3,"column":41}},"3":{"start":{"line":4,"column":0},"end":{"line":4,"column":59}},"4":{"start":{"line":5,"column":0},"end":{"line":5,"column":42}},"5":{"start":{"line":11,"column":4},"end":{"line":11,"column":null}},"6":{"start":{"line":15,"column":4},"end":{"line":15,"column":null}},"7":{"start":{"line":20,"column":4},"end":{"line":20,"column":null}},"8":{"start":{"line":19,"column":14},"end":{"line":19,"column":33}},"9":{"start":{"line":24,"column":4},"end":{"line":24,"column":null}},"10":{"start":{"line":28,"column":4},"end":{"line":28,"column":null}},"11":{"start":{"line":31,"column":0},"end":{"line":31,"column":null}}},"fnMap":{"0":{"name":"(anonymous_2)","decl":{"start":{"line":19,"column":10},"end":{"line":19,"column":12}},"loc":{"start":{"line":19,"column":14},"end":{"line":19,"column":33}}}},"branchMap":{},"s":{"0":0,"1":0,"2":0,"3":0,"4":0,"5":0,"6":0,"7":0,"8":0,"9":0,"10":0,"11":0},"f":{"0":0},"b":{}}
,"/home/kiran/Code/node/src/entity/abstract-entity.ts": {"path":"/home/kiran/Code/node/src/entity/abstract-entity.ts","statementMap":{"0":{"start":{"line":1,"column":0},"end":{"line":1,"column":103}},"1":{"start":{"line":6,"column":4},"end":{"line":6,"column":null}},"2":{"start":{"line":9,"column":4},"end":{"line":9,"column":null}},"3":{"start":{"line":12,"column":4},"end":{"line":12,"column":null}},"4":{"start":{"line":15,"column":4},"end":{"line":15,"column":null}},"5":{"start":{"line":18,"column":0},"end":{"line":18,"column":null}}},"fnMap":{},"branchMap":{},"s":{"0":1,"1":1,"2":1,"3":1,"4":1,"5":1},"f":{},"b":{}}
,"/home/kiran/Code/node/src/entity/address.entity.ts": {"path":"/home/kiran/Code/node/src/entity/address.entity.ts","statementMap":{"0":{"start":{"line":1,"column":0},"end":{"line":1,"column":152}},"1":{"start":{"line":2,"column":0},"end":{"line":2,"column":45}},"2":{"start":{"line":3,"column":0},"end":{"line":3,"column":47}},"3":{"start":{"line":6,"column":20},"end":{"line":21,"column":null}},"4":{"start":{"line":9,"column":2},"end":{"line":9,"column":null}},"5":{"start":{"line":12,"column":2},"end":{"line":12,"column":null}},"6":{"start":{"line":15,"column":2},"end":{"line":15,"column":null}},"7":{"start":{"line":20,"column":2},"end":{"line":20,"column":null}},"8":{"start":{"line":18,"column":18},"end":{"line":18,"column":26}},"9":{"start":{"line":18,"column":42},"end":{"line":18,"column":58}},"10":{"start":{"line":6,"column":13},"end":{"line":21,"column":null}}},"fnMap":{"0":{"name":"(anonymous_3)","decl":{"start":{"line":18,"column":12},"end":{"line":18,"column":15}},"loc":{"start":{"line":18,"column":18},"end":{"line":18,"column":26}}},"1":{"name":"(anonymous_4)","decl":{"start":{"line":18,"column":28},"end":{"line":18,"column":29}},"loc":{"start":{"line":18,"column":42},"end":{"line":18,"column":58}}}},"branchMap":{},"s":{"0":1,"1":1,"2":1,"3":1,"4":1,"5":1,"6":1,"7":1,"8":0,"9":0,"10":1},"f":{"0":0,"1":0},"b":{}}
,"/home/kiran/Code/node/src/entity/employee.entity.ts": {"path":"/home/kiran/Code/node/src/entity/employee.entity.ts","statementMap":{"0":{"start":{"line":1,"column":0},"end":{"line":1,"column":140}},"1":{"start":{"line":2,"column":0},"end":{"line":2,"column":43}},"2":{"start":{"line":3,"column":0},"end":{"line":3,"column":47}},"3":{"start":{"line":4,"column":0},"end":{"line":4,"column":42}},"4":{"start":{"line":7,"column":21},"end":{"line":23,"column":null}},"5":{"start":{"line":10,"column":4},"end":{"line":10,"column":null}},"6":{"start":{"line":13,"column":4},"end":{"line":13,"column":null}},"7":{"start":{"line":16,"column":4},"end":{"line":16,"column":null}},"8":{"start":{"line":19,"column":4},"end":{"line":19,"column":null}},"9":{"start":{"line":22,"column":4},"end":{"line":22,"column":null}},"10":{"start":{"line":21,"column":18},"end":{"line":21,"column":25}},"11":{"start":{"line":21,"column":37},"end":{"line":21,"column":53}},"12":{"start":{"line":7,"column":13},"end":{"line":23,"column":null}}},"fnMap":{"0":{"name":"(anonymous_3)","decl":{"start":{"line":21,"column":14},"end":{"line":21,"column":16}},"loc":{"start":{"line":21,"column":18},"end":{"line":21,"column":25}}},"1":{"name":"(anonymous_4)","decl":{"start":{"line":21,"column":26},"end":{"line":21,"column":27}},"loc":{"start":{"line":21,"column":37},"end":{"line":21,"column":53}}}},"branchMap":{},"s":{"0":1,"1":1,"2":1,"3":1,"4":1,"5":1,"6":1,"7":1,"8":1,"9":1,"10":0,"11":0,"12":1},"f":{"0":0,"1":0},"b":{}}
,"/home/kiran/Code/node/src/exception/http.exception.ts": {"path":"/home/kiran/Code/node/src/exception/http.exception.ts","statementMap":{"0":{"start":{"line":4,"column":8},"end":{"line":4,"column":23}},"1":{"start":{"line":5,"column":8},"end":{"line":5,"column":27}},"2":{"start":{"line":10,"column":0},"end":{"line":10,"column":29}}},"fnMap":{"0":{"name":"(anonymous_0)","decl":{"start":{"line":3,"column":4},"end":{"line":3,"column":16}},"loc":{"start":{"line":3,"column":44},"end":{"line":6,"column":5}}}},"branchMap":{},"s":{"0":3,"1":3,"2":1},"f":{"0":3},"b":{}}
,"/home/kiran/Code/node/src/exception/validation.exception.ts": {"path":"/home/kiran/Code/node/src/exception/validation.exception.ts","statementMap":{"0":{"start":{"line":7,"column":4},"end":{"line":7,"column":19}},"1":{"start":{"line":11,"column":2},"end":{"line":25,"column":4}},"2":{"start":{"line":12,"column":16},"end":{"line":12,"column":18}},"3":{"start":{"line":13,"column":4},"end":{"line":23,"column":null}},"4":{"start":{"line":14,"column":6},"end":{"line":22,"column":null}},"5":{"start":{"line":15,"column":8},"end":{"line":15,"column":59}},"6":{"start":{"line":17,"column":28},"end":{"line":17,"column":30}},"7":{"start":{"line":18,"column":8},"end":{"line":20,"column":null}},"8":{"start":{"line":19,"column":10},"end":{"line":19,"column":45}},"9":{"start":{"line":21,"column":8},"end":{"line":21,"column":66}},"10":{"start":{"line":21,"column":36},"end":{"line":21,"column":66}},"11":{"start":{"line":24,"column":4},"end":{"line":24,"column":15}},"12":{"start":{"line":8,"column":4},"end":{"line":8,"column":22}},"13":{"start":{"line":9,"column":4},"end":{"line":9,"column":46}},"14":{"start":{"line":28,"column":0},"end":{"line":28,"column":35}}},"fnMap":{"0":{"name":"(anonymous_0)","decl":{"start":{"line":6,"column":2},"end":{"line":6,"column":14}},"loc":{"start":{"line":6,"column":71},"end":{"line":10,"column":3}}},"1":{"name":"(anonymous_1)","decl":{"start":{"line":11,"column":20},"end":{"line":11,"column":21}},"loc":{"start":{"line":11,"column":49},"end":{"line":25,"column":3}}}},"branchMap":{"0":{"loc":{"start":{"line":14,"column":6},"end":{"line":22,"column":null}},"type":"if","locations":[{"start":{"line":14,"column":6},"end":{"line":22,"column":null}},{"start":{"line":16,"column":13},"end":{"line":22,"column":null}}]},"1":{"loc":{"start":{"line":21,"column":8},"end":{"line":21,"column":66}},"type":"if","locations":[{"start":{"line":21,"column":8},"end":{"line":21,"column":66}}]}},"s":{"0":0,"1":0,"2":0,"3":0,"4":0,"5":0,"6":0,"7":0,"8":0,"9":0,"10":0,"11":0,"12":0,"13":0,"14":0},"f":{"0":0,"1":0},"b":{"0":[0,0],"1":[0]}}
,"/home/kiran/Code/node/src/middleware/authenticate.middleware.ts": {"path":"/home/kiran/Code/node/src/middleware/authenticate.middleware.ts","statementMap":{"0":{"start":{"line":2,"column":0},"end":{"line":2,"column":31}},"1":{"start":{"line":3,"column":0},"end":{"line":3,"column":56}},"2":{"start":{"line":7,"column":21},"end":{"line":23,"column":2}},"3":{"start":{"line":11,"column":4},"end":{"line":23,"column":2}},"4":{"start":{"line":12,"column":2},"end":{"line":22,"column":null}},"5":{"start":{"line":13,"column":18},"end":{"line":13,"column":48}},"6":{"start":{"line":14,"column":20},"end":{"line":14,"column":62}},"7":{"start":{"line":15,"column":4},"end":{"line":15,"column":28}},"8":{"start":{"line":16,"column":4},"end":{"line":16,"column":30}},"9":{"start":{"line":17,"column":4},"end":{"line":17,"column":28}},"10":{"start":{"line":18,"column":4},"end":{"line":18,"column":24}},"11":{"start":{"line":19,"column":4},"end":{"line":19,"column":11}},"12":{"start":{"line":21,"column":4},"end":{"line":21,"column":46}},"13":{"start":{"line":24,"column":34},"end":{"line":28,"column":1}},"14":{"start":{"line":25,"column":22},"end":{"line":25,"column":49}},"15":{"start":{"line":26,"column":16},"end":{"line":26,"column":69}},"16":{"start":{"line":27,"column":2},"end":{"line":27,"column":15}},"17":{"start":{"line":30,"column":0},"end":{"line":30,"column":28}}},"fnMap":{"0":{"name":"(anonymous_8)","decl":{"start":{"line":7,"column":21},"end":{"line":7,"column":null}},"loc":{"start":{"line":11,"column":4},"end":{"line":23,"column":2}}},"1":{"name":"(anonymous_9)","decl":{"start":{"line":11,"column":4},"end":{"line":11,"column":null}},"loc":{"start":{"line":11,"column":4},"end":{"line":23,"column":1}}},"2":{"name":"(anonymous_10)","decl":{"start":{"line":24,"column":34},"end":{"line":24,"column":35}},"loc":{"start":{"line":24,"column":51},"end":{"line":28,"column":1}}}},"branchMap":{"0":{"loc":{"start":{"line":26,"column":16},"end":{"line":26,"column":69}},"type":"cond-expr","locations":[{"start":{"line":26,"column":30},"end":{"line":26,"column":64}},{"start":{"line":26,"column":67},"end":{"line":26,"column":69}}]}},"s":{"0":0,"1":0,"2":0,"3":0,"4":0,"5":0,"6":0,"7":0,"8":0,"9":0,"10":0,"11":0,"12":0,"13":0,"14":0,"15":0,"16":0,"17":0},"f":{"0":0,"1":0,"2":0},"b":{"0":[0,0]}}
,"/home/kiran/Code/node/src/middleware/authorize.middleware.ts": {"path":"/home/kiran/Code/node/src/middleware/authorize.middleware.ts","statementMap":{"0":{"start":{"line":3,"column":0},"end":{"line":3,"column":42}},"1":{"start":{"line":4,"column":0},"end":{"line":4,"column":56}},"2":{"start":{"line":6,"column":18},"end":{"line":20,"column":2}},"3":{"start":{"line":10,"column":4},"end":{"line":20,"column":2}},"4":{"start":{"line":11,"column":2},"end":{"line":19,"column":null}},"5":{"start":{"line":12,"column":17},"end":{"line":12,"column":25}},"6":{"start":{"line":13,"column":4},"end":{"line":15,"column":null}},"7":{"start":{"line":14,"column":6},"end":{"line":14,"column":89}},"8":{"start":{"line":16,"column":4},"end":{"line":16,"column":11}},"9":{"start":{"line":18,"column":4},"end":{"line":18,"column":null}},"10":{"start":{"line":22,"column":0},"end":{"line":22,"column":25}}},"fnMap":{"0":{"name":"(anonymous_8)","decl":{"start":{"line":6,"column":18},"end":{"line":6,"column":null}},"loc":{"start":{"line":10,"column":4},"end":{"line":20,"column":2}}},"1":{"name":"(anonymous_9)","decl":{"start":{"line":10,"column":4},"end":{"line":10,"column":null}},"loc":{"start":{"line":10,"column":4},"end":{"line":20,"column":1}}}},"branchMap":{"0":{"loc":{"start":{"line":13,"column":4},"end":{"line":15,"column":null}},"type":"if","locations":[{"start":{"line":13,"column":4},"end":{"line":15,"column":null}}]}},"s":{"0":0,"1":0,"2":0,"3":0,"4":0,"5":0,"6":0,"7":0,"8":0,"9":0,"10":0},"f":{"0":0,"1":0},"b":{"0":[0]}}
,"/home/kiran/Code/node/src/middleware/error.middleware.ts": {"path":"/home/kiran/Code/node/src/middleware/error.middleware.ts","statementMap":{"0":{"start":{"line":2,"column":0},"end":{"line":2,"column":56}},"1":{"start":{"line":3,"column":0},"end":{"line":3,"column":68}},"2":{"start":{"line":6,"column":24},"end":{"line":27,"column":1}},"3":{"start":{"line":12,"column":2},"end":{"line":26,"column":null}},"4":{"start":{"line":13,"column":4},"end":{"line":15,"column":null}},"5":{"start":{"line":14,"column":6},"end":{"line":14,"column":62}},"6":{"start":{"line":16,"column":4},"end":{"line":21,"column":null}},"7":{"start":{"line":17,"column":6},"end":{"line":20,"column":9}},"8":{"start":{"line":22,"column":4},"end":{"line":22,"column":23}},"9":{"start":{"line":23,"column":4},"end":{"line":23,"column":51}},"10":{"start":{"line":25,"column":4},"end":{"line":25,"column":14}},"11":{"start":{"line":29,"column":0},"end":{"line":29,"column":31}}},"fnMap":{"0":{"name":"(anonymous_1)","decl":{"start":{"line":6,"column":24},"end":{"line":6,"column":null}},"loc":{"start":{"line":11,"column":4},"end":{"line":27,"column":1}}}},"branchMap":{"0":{"loc":{"start":{"line":13,"column":4},"end":{"line":15,"column":null}},"type":"if","locations":[{"start":{"line":13,"column":4},"end":{"line":15,"column":null}}]},"1":{"loc":{"start":{"line":16,"column":4},"end":{"line":21,"column":null}},"type":"if","locations":[{"start":{"line":16,"column":4},"end":{"line":21,"column":null}}]}},"s":{"0":0,"1":0,"2":0,"3":0,"4":0,"5":0,"6":0,"7":0,"8":0,"9":0,"10":0,"11":0},"f":{"0":0},"b":{"0":[0],"1":[0]}}
,"/home/kiran/Code/node/src/middleware/logger.middleware.ts": {"path":"/home/kiran/Code/node/src/middleware/logger.middleware.ts","statementMap":{"0":{"start":{"line":3,"column":25},"end":{"line":6,"column":1}},"1":{"start":{"line":4,"column":2},"end":{"line":4,"column":61}},"2":{"start":{"line":5,"column":2},"end":{"line":5,"column":9}},"3":{"start":{"line":8,"column":0},"end":{"line":8,"column":32}}},"fnMap":{"0":{"name":"(anonymous_0)","decl":{"start":{"line":3,"column":25},"end":{"line":3,"column":26}},"loc":{"start":{"line":3,"column":77},"end":{"line":6,"column":1}}}},"branchMap":{},"s":{"0":0,"1":0,"2":0,"3":0},"f":{"0":0},"b":{}}
,"/home/kiran/Code/node/src/repository/employee.repository.ts": {"path":"/home/kiran/Code/node/src/repository/employee.repository.ts","statementMap":{"0":{"start":{"line":7,"column":22},"end":{"line":7,"column":62}},"1":{"start":{"line":10,"column":4},"end":{"line":15,"column":7}},"2":{"start":{"line":19,"column":4},"end":{"line":24,"column":7}},"3":{"start":{"line":28,"column":4},"end":{"line":28,"column":53}},"4":{"start":{"line":32,"column":4},"end":{"line":32,"column":50}},"5":{"start":{"line":36,"column":4},"end":{"line":36,"column":26}},"6":{"start":{"line":37,"column":4},"end":{"line":37,"column":56}},"7":{"start":{"line":41,"column":0},"end":{"line":41,"column":34}}},"fnMap":{"0":{"name":"(anonymous_7)","decl":{"start":{"line":7,"column":2},"end":{"line":7,"column":22}},"loc":{"start":{"line":7,"column":62},"end":{"line":7,"column":66}}},"1":{"name":"(anonymous_8)","decl":{"start":{"line":9,"column":2},"end":{"line":9,"column":6}},"loc":{"start":{"line":9,"column":6},"end":{"line":16,"column":3}}},"2":{"name":"(anonymous_9)","decl":{"start":{"line":18,"column":2},"end":{"line":18,"column":11}},"loc":{"start":{"line":18,"column":36},"end":{"line":25,"column":3}}},"3":{"name":"(anonymous_10)","decl":{"start":{"line":27,"column":2},"end":{"line":27,"column":19}},"loc":{"start":{"line":27,"column":41},"end":{"line":29,"column":3}}},"4":{"name":"(anonymous_11)","decl":{"start":{"line":31,"column":8},"end":{"line":31,"column":22}},"loc":{"start":{"line":31,"column":41},"end":{"line":33,"column":null}}},"5":{"name":"(anonymous_13)","decl":{"start":{"line":35,"column":8},"end":{"line":35,"column":22}},"loc":{"start":{"line":35,"column":41},"end":{"line":38,"column":null}}}},"branchMap":{},"s":{"0":1,"1":0,"2":0,"3":0,"4":0,"5":0,"6":0,"7":1},"f":{"0":1,"1":0,"2":0,"3":0,"4":0,"5":0},"b":{}}
,"/home/kiran/Code/node/src/routes/employee.route.ts": {"path":"/home/kiran/Code/node/src/routes/employee.route.ts","statementMap":{"0":{"start":{"line":1,"column":0},"end":{"line":1,"column":67}},"1":{"start":{"line":2,"column":0},"end":{"line":2,"column":43}},"2":{"start":{"line":3,"column":0},"end":{"line":3,"column":53}},"3":{"start":{"line":4,"column":0},"end":{"line":4,"column":67}},"4":{"start":{"line":5,"column":0},"end":{"line":5,"column":58}},"5":{"start":{"line":7,"column":27},"end":{"line":8,"column":null}},"6":{"start":{"line":10,"column":24},"end":{"line":10,"column":63}},"7":{"start":{"line":11,"column":27},"end":{"line":11,"column":66}},"8":{"start":{"line":13,"column":22},"end":{"line":13,"column":47}},"9":{"start":{"line":15,"column":0},"end":{"line":15,"column":29}}},"fnMap":{},"branchMap":{},"s":{"0":0,"1":0,"2":0,"3":0,"4":0,"5":0,"6":0,"7":0,"8":0,"9":0},"f":{},"b":{}}
,"/home/kiran/Code/node/src/service/employee.service.ts": {"path":"/home/kiran/Code/node/src/service/employee.service.ts","statementMap":{"0":{"start":{"line":2,"column":0},"end":{"line":2,"column":51}},"1":{"start":{"line":3,"column":0},"end":{"line":3,"column":53}},"2":{"start":{"line":4,"column":0},"end":{"line":4,"column":56}},"3":{"start":{"line":6,"column":0},"end":{"line":6,"column":28}},"4":{"start":{"line":7,"column":0},"end":{"line":7,"column":31}},"5":{"start":{"line":11,"column":22},"end":{"line":11,"column":60}},"6":{"start":{"line":14,"column":4},"end":{"line":14,"column":42}},"7":{"start":{"line":18,"column":21},"end":{"line":18,"column":72}},"8":{"start":{"line":19,"column":4},"end":{"line":21,"column":null}},"9":{"start":{"line":20,"column":6},"end":{"line":20,"column":72}},"10":{"start":{"line":22,"column":4},"end":{"line":22,"column":20}},"11":{"start":{"line":32,"column":23},"end":{"line":32,"column":36}},"12":{"start":{"line":33,"column":4},"end":{"line":33,"column":37}},"13":{"start":{"line":34,"column":4},"end":{"line":34,"column":37}},"14":{"start":{"line":35,"column":4},"end":{"line":35,"column":41}},"15":{"start":{"line":37,"column":24},"end":{"line":37,"column":38}},"16":{"start":{"line":38,"column":4},"end":{"line":38,"column":28}},"17":{"start":{"line":39,"column":4},"end":{"line":39,"column":30}},"18":{"start":{"line":40,"column":4},"end":{"line":40,"column":59}},"19":{"start":{"line":41,"column":4},"end":{"line":41,"column":26}},"20":{"start":{"line":42,"column":4},"end":{"line":42,"column":37}},"21":{"start":{"line":44,"column":4},"end":{"line":44,"column":66}},"22":{"start":{"line":55,"column":21},"end":{"line":55,"column":72}},"23":{"start":{"line":57,"column":4},"end":{"line":59,"column":null}},"24":{"start":{"line":58,"column":6},"end":{"line":58,"column":73}},"25":{"start":{"line":61,"column":4},"end":{"line":61,"column":25}},"26":{"start":{"line":62,"column":4},"end":{"line":62,"column":27}},"27":{"start":{"line":63,"column":4},"end":{"line":63,"column":23}},"28":{"start":{"line":64,"column":4},"end":{"line":64,"column":43}},"29":{"start":{"line":65,"column":4},"end":{"line":65,"column":43}},"30":{"start":{"line":66,"column":4},"end":{"line":66,"column":56}},"31":{"start":{"line":67,"column":4},"end":{"line":67,"column":47}},"32":{"start":{"line":69,"column":4},"end":{"line":69,"column":60}},"33":{"start":{"line":73,"column":22},"end":{"line":73,"column":73}},"34":{"start":{"line":75,"column":4},"end":{"line":77,"column":null}},"35":{"start":{"line":76,"column":6},"end":{"line":76,"column":73}},"36":{"start":{"line":79,"column":21},"end":{"line":79,"column":76}},"37":{"start":{"line":81,"column":4},"end":{"line":81,"column":20}},"38":{"start":{"line":85,"column":21},"end":{"line":85,"column":78}},"39":{"start":{"line":86,"column":3},"end":{"line":88,"column":null}},"40":{"start":{"line":87,"column":6},"end":{"line":87,"column":null}},"41":{"start":{"line":89,"column":18},"end":{"line":89,"column":66}},"42":{"start":{"line":90,"column":3},"end":{"line":92,"column":null}},"43":{"start":{"line":91,"column":4},"end":{"line":91,"column":57}},"44":{"start":{"line":94,"column":16},"end":{"line":99,"column":null}},"45":{"start":{"line":101,"column":16},"end":{"line":103,"column":4}},"46":{"start":{"line":104,"column":2},"end":{"line":104,"column":15}},"47":{"start":{"line":108,"column":0},"end":{"line":108,"column":31}}},"fnMap":{"0":{"name":"(anonymous_8)","decl":{"start":{"line":11,"column":2},"end":{"line":11,"column":22}},"loc":{"start":{"line":11,"column":60},"end":{"line":11,"column":64}}},"1":{"name":"(anonymous_9)","decl":{"start":{"line":13,"column":2},"end":{"line":13,"column":17}},"loc":{"start":{"line":13,"column":17},"end":{"line":15,"column":3}}},"2":{"name":"(anonymous_10)","decl":{"start":{"line":17,"column":8},"end":{"line":17,"column":23}},"loc":{"start":{"line":17,"column":34},"end":{"line":23,"column":null}}},"3":{"name":"(anonymous_12)","decl":{"start":{"line":25,"column":8},"end":{"line":25,"column":25}},"loc":{"start":{"line":30,"column":13},"end":{"line":45,"column":null}}},"4":{"name":"(anonymous_14)","decl":{"start":{"line":47,"column":8},"end":{"line":47,"column":22}},"loc":{"start":{"line":53,"column":16},"end":{"line":70,"column":null}}},"5":{"name":"(anonymous_16)","decl":{"start":{"line":72,"column":8},"end":{"line":72,"column":22}},"loc":{"start":{"line":72,"column":33},"end":{"line":82,"column":null}}},"6":{"name":"(anonymous_18)","decl":{"start":{"line":84,"column":8},"end":{"line":84,"column":21}},"loc":{"start":{"line":84,"column":54},"end":{"line":105,"column":4}}}},"branchMap":{"0":{"loc":{"start":{"line":19,"column":4},"end":{"line":21,"column":null}},"type":"if","locations":[{"start":{"line":19,"column":4},"end":{"line":21,"column":null}}]},"1":{"loc":{"start":{"line":57,"column":4},"end":{"line":59,"column":null}},"type":"if","locations":[{"start":{"line":57,"column":4},"end":{"line":59,"column":null}}]},"2":{"loc":{"start":{"line":75,"column":4},"end":{"line":77,"column":null}},"type":"if","locations":[{"start":{"line":75,"column":4},"end":{"line":77,"column":null}}]},"3":{"loc":{"start":{"line":86,"column":3},"end":{"line":88,"column":null}},"type":"if","locations":[{"start":{"line":86,"column":3},"end":{"line":88,"column":null}}]},"4":{"loc":{"start":{"line":90,"column":3},"end":{"line":92,"column":null}},"type":"if","locations":[{"start":{"line":90,"column":3},"end":{"line":92,"column":null}}]}},"s":{"0":1,"1":1,"2":1,"3":1,"4":1,"5":1,"6":0,"7":2,"8":2,"9":1,"10":1,"11":0,"12":0,"13":0,"14":0,"15":0,"16":0,"17":0,"18":0,"19":0,"20":0,"21":0,"22":0,"23":0,"24":0,"25":0,"26":0,"27":0,"28":0,"29":0,"30":0,"31":0,"32":0,"33":0,"34":0,"35":0,"36":0,"37":0,"38":0,"39":0,"40":0,"41":0,"42":0,"43":0,"44":0,"45":0,"46":0,"47":1},"f":{"0":1,"1":0,"2":2,"3":0,"4":0,"5":0,"6":0},"b":{"0":[1],"1":[0],"2":[0],"3":[0],"4":[0]}}
,"/home/kiran/Code/node/src/utils/math.util.ts": {"path":"/home/kiran/Code/node/src/utils/math.util.ts","statementMap":{"0":{"start":{"line":3,"column":4},"end":{"line":3,"column":41}},"1":{"start":{"line":6,"column":4},"end":{"line":6,"column":29}},"2":{"start":{"line":9,"column":0},"end":{"line":9,"column":24}}},"fnMap":{"0":{"name":"(anonymous_0)","decl":{"start":{"line":2,"column":2},"end":{"line":2,"column":8}},"loc":{"start":{"line":2,"column":49},"end":{"line":4,"column":3}}},"1":{"name":"(anonymous_1)","decl":{"start":{"line":5,"column":2},"end":{"line":5,"column":8}},"loc":{"start":{"line":5,"column":45},"end":{"line":7,"column":3}}}},"branchMap":{},"s":{"0":2,"1":0,"2":1},"f":{"0":2,"1":0},"b":{}}
,"/home/kiran/Code/node/src/utils/role.enum.ts": {"path":"/home/kiran/Code/node/src/utils/role.enum.ts","statementMap":{"0":{"start":{"line":1,"column":0},"end":{"line":1,"column":null}},"1":{"start":{"line":2,"column":4},"end":{"line":2,"column":null}},"2":{"start":{"line":3,"column":4},"end":{"line":3,"column":null}},"3":{"start":{"line":4,"column":4},"end":{"line":4,"column":null}},"4":{"start":{"line":5,"column":4},"end":{"line":5,"column":null}},"5":{"start":{"line":6,"column":4},"end":{"line":6,"column":null}}},"fnMap":{"0":{"name":"(anonymous_0)","decl":{"start":{"line":1,"column":0},"end":{"line":1,"column":12}},"loc":{"start":{"line":1,"column":16},"end":{"line":7,"column":1}}}},"branchMap":{"0":{"loc":{"start":{"line":1,"column":12},"end":{"line":1,"column":null}},"type":"binary-expr","locations":[{"start":{"line":1,"column":12},"end":{"line":1,"column":16}},{"start":{"line":1,"column":16},"end":{"line":1,"column":null}}]}},"s":{"0":1,"1":1,"2":1,"3":1,"4":1,"5":1},"f":{"0":1},"b":{"0":[1,1]}}
}
